This is pdfTeX, Version 3.141592653-2.6-1.40.24 (MiKTeX 22.3) (preloaded format=pdflatex 2022.7.2)  28 NOV 2022 22:07
entering extended mode
 restricted \write18 enabled.
 %&-line parsing enabled.
**"./Keycap inlays.tex"
(Keycap inlays.tex
LaTeX2e <2022-06-01> patch level 3
L3 programming layer <2022-06-16>
(C:\Users\Schit\AppData\Local\Programs\MiKTeX\tex/latex/extsizes\extreport.cls
Document Class: extreport 1996/10/08 v1.0 Non Standard LaTeX document class
(C:\Users\Schit\AppData\Local\Programs\MiKTeX\tex/latex/extsizes\size20.clo
File: size20.clo 1999/11/11 NON-Standard LaTeX file (size option)
)
(C:\Users\Schit\AppData\Local\Programs\MiKTeX\tex/latex/base\exscale.sty
Package: exscale 2018/09/24 v2.1i Standard LaTeX package exscale
LaTeX Font Info:    Redeclaring symbol font `largesymbols' on input line 57.
LaTeX Font Info:    Overwriting symbol font `largesymbols' in version `normal'
(Font)                  OMX/cmex/m/n --> OMX/cmex/m/n on input line 57.
LaTeX Font Info:    Overwriting symbol font `largesymbols' in version `bold'
(Font)                  OMX/cmex/m/n --> OMX/cmex/m/n on input line 57.
\big@size=\dimen138
)
\c@part=\count185
\c@chapter=\count186
\c@section=\count187
\c@subsection=\count188
\c@subsubsection=\count189
\c@paragraph=\count190
\c@subparagraph=\count191
\c@figure=\count192
\c@table=\count193
\abovecaptionskip=\skip47
\belowcaptionskip=\skip48
\bibindent=\dimen139
)
(C:\Users\Schit\AppData\Local\Programs\MiKTeX\tex/latex/geometry\geometry.sty
Package: geometry 2020/01/02 v5.9 Page Geometry

(C:\Users\Schit\AppData\Local\Programs\MiKTeX\tex/latex/graphics\keyval.sty
Package: keyval 2022/05/29 v1.15 key=value parser (DPC)
\KV@toks@=\toks16
)
(C:\Users\Schit\AppData\Local\Programs\MiKTeX\tex/generic/iftex\ifvtex.sty
Package: ifvtex 2019/10/25 v1.7 ifvtex legacy package. Use iftex instead.

(C:\Users\Schit\AppData\Local\Programs\MiKTeX\tex/generic/iftex\iftex.sty
Package: iftex 2022/02/03 v1.0f TeX engine tests
))
\Gm@cnth=\count194
\Gm@cntv=\count195
\c@Gm@tempcnt=\count196
\Gm@bindingoffset=\dimen140
\Gm@wd@mp=\dimen141
\Gm@odd@mp=\dimen142
\Gm@even@mp=\dimen143
\Gm@layoutwidth=\dimen144
\Gm@layoutheight=\dimen145
\Gm@layouthoffset=\dimen146
\Gm@layoutvoffset=\dimen147
\Gm@dimlist=\toks17

(C:\Users\Schit\AppData\Local\Programs\MiKTeX\tex/latex/geometry\geometry.cfg))
(C:\Users\Schit\AppData\Local\Programs\MiKTeX\tex/latex/extsizes\extsizes.sty
Package: extsizes 1996/10/08 v1.0 Non Standard LaTeX Package


Package ExtSizes Warning: It is better to use one of the extsizes classes,
 if you can.

(C:\Users\Schit\AppData\Local\Programs\MiKTeX\tex/latex/extsizes\size20.clo
File: size20.clo 1999/11/11 NON-Standard LaTeX file (size option)
))
(C:\Users\Schit\AppData\Local\Programs\MiKTeX\tex/latex/graphics\graphicx.sty
Package: graphicx 2021/09/16 v1.2d Enhanced LaTeX Graphics (DPC,SPQR)

(C:\Users\Schit\AppData\Local\Programs\MiKTeX\tex/latex/graphics\graphics.sty
Package: graphics 2022/03/10 v1.4e Standard LaTeX Graphics (DPC,SPQR)

(C:\Users\Schit\AppData\Local\Programs\MiKTeX\tex/latex/graphics\trig.sty
Package: trig 2021/08/11 v1.11 sin cos tan (DPC)
)
(C:\Users\Schit\AppData\Local\Programs\MiKTeX\tex/latex/graphics-cfg\graphics.c
fg
File: graphics.cfg 2016/06/04 v1.11 sample graphics configuration
)
Package graphics Info: Driver file: pdftex.def on input line 107.

(C:\Users\Schit\AppData\Local\Programs\MiKTeX\tex/latex/graphics-def\pdftex.def
File: pdftex.def 2020/10/05 v1.2a Graphics/color driver for pdftex
))
\Gin@req@height=\dimen148
\Gin@req@width=\dimen149
) (C:\Users\Schit\AppData\Local\Programs\MiKTeX\tex/latex/wrapfig\wrapfig.sty
\wrapoverhang=\dimen150
\WF@size=\dimen151
\c@WF@wrappedlines=\count197
\WF@box=\box51
\WF@everypar=\toks18
Package: wrapfig 2003/01/31  v 3.6
) (C:\Users\Schit\AppData\Local\Programs\MiKTeX\tex/latex/caption\caption.sty
Package: caption 2022/03/01 v3.6b Customizing captions (AR)

(C:\Users\Schit\AppData\Local\Programs\MiKTeX\tex/latex/caption\caption3.sty
Package: caption3 2022/03/17 v2.3b caption3 kernel (AR)
\caption@tempdima=\dimen152
\captionmargin=\dimen153
\caption@leftmargin=\dimen154
\caption@rightmargin=\dimen155
\caption@width=\dimen156
\caption@indent=\dimen157
\caption@parindent=\dimen158
\caption@hangindent=\dimen159
Package caption Info: Standard document class detected.
)
\c@caption@flags=\count198
\c@continuedfloat=\count199
Package caption Info: wrapfig package is loaded.
)
(C:\Users\Schit\AppData\Local\Programs\MiKTeX\tex/latex/pdfpages\pdfpages.sty
Package: pdfpages 2022/05/22 v0.5v Insert pages of external PDF documents (AM)

(C:\Users\Schit\AppData\Local\Programs\MiKTeX\tex/latex/base\ifthen.sty
Package: ifthen 2022/04/13 v1.1d Standard LaTeX ifthen package (DPC)
)
(C:\Users\Schit\AppData\Local\Programs\MiKTeX\tex/latex/tools\calc.sty
Package: calc 2017/05/25 v4.3 Infix arithmetic (KKT,FJ)
\calc@Acount=\count266
\calc@Bcount=\count267
\calc@Adimen=\dimen160
\calc@Bdimen=\dimen161
\calc@Askip=\skip49
\calc@Bskip=\skip50
LaTeX Info: Redefining \setlength on input line 80.
LaTeX Info: Redefining \addtolength on input line 81.
\calc@Ccount=\count268
\calc@Cskip=\skip51
)
(C:\Users\Schit\AppData\Local\Programs\MiKTeX\tex/latex/eso-pic\eso-pic.sty
Package: eso-pic 2020/10/14 v3.0a eso-pic (RN)
\ESO@tempdima=\dimen162
\ESO@tempdimb=\dimen163

(C:\Users\Schit\AppData\Local\Programs\MiKTeX\tex/latex/xcolor\xcolor.sty
Package: xcolor 2022/06/12 v2.14 LaTeX color extensions (UK)

(C:\Users\Schit\AppData\Local\Programs\MiKTeX\tex/latex/graphics-cfg\color.cfg
File: color.cfg 2016/01/02 v1.6 sample color configuration
)
Package xcolor Info: Driver file: pdftex.def on input line 227.

(C:\Users\Schit\AppData\Local\Programs\MiKTeX\tex/latex-dev/graphics\mathcolor.
ltx)
Package xcolor Info: Model `cmy' substituted by `cmy0' on input line 1353.
Package xcolor Info: Model `hsb' substituted by `rgb' on input line 1357.
Package xcolor Info: Model `RGB' extended on input line 1369.
Package xcolor Info: Model `HTML' substituted by `rgb' on input line 1371.
Package xcolor Info: Model `Hsb' substituted by `hsb' on input line 1372.
Package xcolor Info: Model `tHsb' substituted by `hsb' on input line 1373.
Package xcolor Info: Model `HSB' substituted by `hsb' on input line 1374.
Package xcolor Info: Model `Gray' substituted by `gray' on input line 1375.
Package xcolor Info: Model `wave' substituted by `hsb' on input line 1376.
))
\AM@pagewidth=\dimen164
\AM@pageheight=\dimen165
\AM@fboxrule=\dimen166

(C:\Users\Schit\AppData\Local\Programs\MiKTeX\tex/latex/pdfpages\pppdftex.def
File: pppdftex.def 2022/05/22 v0.5v Pdfpages driver for pdfTeX (AM)
)
\pdfpages@includegraphics@status=\count269
\AM@pagebox=\box52
\AM@global@opts=\toks19
\AM@pagecnt=\count270
\AM@toc@title=\toks20
\c@AM@survey=\count271
\AM@templatesizebox=\box53
) (C:\Users\Schit\AppData\Local\Programs\MiKTeX\tex/latex/makecell\makecell.sty
Package: makecell 2009/08/03 V0.1e Managing of Tab Column Heads and Cells

(C:\Users\Schit\AppData\Local\Programs\MiKTeX\tex/latex/tools\array.sty
Package: array 2021/10/04 v2.5f Tabular extension package (FMi)
\col@sep=\dimen167
\ar@mcellbox=\box54
\extrarowheight=\dimen168
\NC@list=\toks21
\extratabsurround=\skip52
\backup@length=\skip53
\ar@cellbox=\box55
)
\rotheadsize=\dimen169
\c@nlinenum=\count272
\TeXr@lab=\toks22
)
(C:\Users\Schit\AppData\Local\Programs\MiKTeX\tex/latex/enumitem\enumitem.sty
Package: enumitem 2019/06/20 v3.9 Customized lists
\labelindent=\skip54
\enit@outerparindent=\dimen170
\enit@toks=\toks23
\enit@inbox=\box56
\enit@count@id=\count273
\enitdp@description=\count274
)
(C:\Users\Schit\AppData\Local\Programs\MiKTeX\tex/latex/amsfonts\amssymb.sty
Package: amssymb 2013/01/14 v3.01 AMS font symbols

(C:\Users\Schit\AppData\Local\Programs\MiKTeX\tex/latex/amsfonts\amsfonts.sty
Package: amsfonts 2013/01/14 v3.01 Basic AMSFonts support
\@emptytoks=\toks24
\symAMSa=\mathgroup4
\symAMSb=\mathgroup5
LaTeX Font Info:    Redeclaring math symbol \hbar on input line 98.
LaTeX Font Info:    Overwriting math alphabet `\mathfrak' in version `bold'
(Font)                  U/euf/m/n --> U/euf/b/n on input line 106.
)) (C:\Users\Schit\AppData\Local\Programs\MiKTeX\tex/latex/caladea\caladea.sty
Package: caladea 2022/09/30 (Bob Tennent) Supports Caladea fonts for LaTeX, pdf
LaTeX, luaLaTeX and xeLaTeX.

(C:\Users\Schit\AppData\Local\Programs\MiKTeX\tex/generic/iftex\ifxetex.sty
Package: ifxetex 2019/10/25 v0.7 ifxetex legacy package. Use iftex instead.
)
(C:\Users\Schit\AppData\Local\Programs\MiKTeX\tex/generic/iftex\ifluatex.sty
Package: ifluatex 2019/10/25 v1.5 ifluatex legacy package. Use iftex instead.
)
(C:\Users\Schit\AppData\Local\Programs\MiKTeX\tex/latex/xkeyval\xkeyval.sty
Package: xkeyval 2022/06/16 v2.9 package option processing (HA)

(C:\Users\Schit\AppData\Local\Programs\MiKTeX\tex/generic/xkeyval\xkeyval.tex
(C:\Users\Schit\AppData\Local\Programs\MiKTeX\tex/generic/xkeyval\xkvutils.tex
\XKV@toks=\toks25
\XKV@tempa@toks=\toks26
)
\XKV@depth=\count275
File: xkeyval.tex 2014/12/03 v2.7a key=value parser (HA)
)) (C:\Users\Schit\AppData\Local\Programs\MiKTeX\tex/latex/base\textcomp.sty
Package: textcomp 2020/02/02 v2.0n Standard LaTeX package
))
(C:\Users\Schit\AppData\Local\Programs\MiKTeX\tex/latex/lastpage\lastpage.sty
Package: lastpage 2021/09/03 v1.2n Refers to last page's name (HMM; JPG)
)
(C:\Users\Schit\AppData\Local\Programs\MiKTeX\tex/latex/psnfss\pifont.sty
Package: pifont 2020/03/25 PSNFSS-v9.3 Pi font support (SPQR) 
LaTeX Font Info:    Trying to load font information for U+pzd on input line 63.


(C:\Users\Schit\AppData\Local\Programs\MiKTeX\tex/latex/psnfss\upzd.fd
File: upzd.fd 2001/06/04 font definitions for U/pzd.
)
LaTeX Font Info:    Trying to load font information for U+psy on input line 64.


(C:\Users\Schit\AppData\Local\Programs\MiKTeX\tex/latex/psnfss\upsy.fd
File: upsy.fd 2001/06/04 font definitions for U/psy.
))
(C:\Users\Schit\AppData\Local\Programs\MiKTeX\tex/latex/amsmath\amsmath.sty
Package: amsmath 2022/04/08 v2.17n AMS math features
\@mathmargin=\skip55

For additional information on amsmath, use the `?' option.
(C:\Users\Schit\AppData\Local\Programs\MiKTeX\tex/latex/amsmath\amstext.sty
Package: amstext 2021/08/26 v2.01 AMS text

(C:\Users\Schit\AppData\Local\Programs\MiKTeX\tex/latex/amsmath\amsgen.sty
File: amsgen.sty 1999/11/30 v2.0 generic functions
\@emptytoks=\toks27
\ex@=\dimen171
))
(C:\Users\Schit\AppData\Local\Programs\MiKTeX\tex/latex/amsmath\amsbsy.sty
Package: amsbsy 1999/11/29 v1.2d Bold Symbols
\pmbraise@=\dimen172
)
(C:\Users\Schit\AppData\Local\Programs\MiKTeX\tex/latex/amsmath\amsopn.sty
Package: amsopn 2022/04/08 v2.04 operator names
)
\inf@bad=\count276
LaTeX Info: Redefining \frac on input line 234.
\uproot@=\count277
\leftroot@=\count278
LaTeX Info: Redefining \overline on input line 399.
LaTeX Info: Redefining \colon on input line 410.
\classnum@=\count279
\DOTSCASE@=\count280
LaTeX Info: Redefining \ldots on input line 496.
LaTeX Info: Redefining \dots on input line 499.
LaTeX Info: Redefining \cdots on input line 620.
\Mathstrutbox@=\box57
\strutbox@=\box58
LaTeX Info: Redefining \big on input line 722.
LaTeX Info: Redefining \Big on input line 723.
LaTeX Info: Redefining \bigg on input line 724.
LaTeX Info: Redefining \Bigg on input line 725.
\big@size=\dimen173
LaTeX Font Info:    Redeclaring font encoding OML on input line 743.
LaTeX Font Info:    Redeclaring font encoding OMS on input line 744.
\macc@depth=\count281
LaTeX Info: Redefining \bmod on input line 905.
LaTeX Info: Redefining \pmod on input line 910.
LaTeX Info: Redefining \smash on input line 940.
LaTeX Info: Redefining \relbar on input line 970.
LaTeX Info: Redefining \Relbar on input line 971.
\c@MaxMatrixCols=\count282
\dotsspace@=\muskip16
\c@parentequation=\count283
\dspbrk@lvl=\count284
\tag@help=\toks28
\row@=\count285
\column@=\count286
\maxfields@=\count287
\andhelp@=\toks29
\eqnshift@=\dimen174
\alignsep@=\dimen175
\tagshift@=\dimen176
\tagwidth@=\dimen177
\totwidth@=\dimen178
\lineht@=\dimen179
\@envbody=\toks30
\multlinegap=\skip56
\multlinetaggap=\skip57
\mathdisplay@stack=\toks31
LaTeX Info: Redefining \[ on input line 2953.
LaTeX Info: Redefining \] on input line 2954.
)
(C:\Users\Schit\AppData\Local\Programs\MiKTeX\tex/latex/esint\esint.sty
Package: esint 
\symlargesymbolsA=\mathgroup6
)
(C:\Users\Schit\AppData\Local\Programs\MiKTeX\tex/latex/easy\easytable.sty
Document Style `easytable' v1.0 <2001/06/13>.
(C:\Users\Schit\AppData\Local\Programs\MiKTeX\tex/latex/easy\easy.sty
Document Style `easy' v1.1 <2001/05/31>.
Package: easy 2001/05/31 v1.1
\@easy@level=\count288
\@easy@ncol=\count289
\@easy@nrow=\count290
\@easy@cnt=\count291
\@easy@boxviii=\box59
\@easy@minxviii=\dimen180
\@easy@minyviii=\dimen181
\@easy@maxxviii=\dimen182
\@easy@maxyviii=\dimen183
\@easy@boxvii=\box60
\@easy@minxvii=\dimen184
\@easy@minyvii=\dimen185
\@easy@maxxvii=\dimen186
\@easy@maxyvii=\dimen187
\@easy@boxvi=\box61
\@easy@minxvi=\dimen188
\@easy@minyvi=\dimen189
\@easy@maxxvi=\dimen190
\@easy@maxyvi=\dimen191
\@easy@boxv=\box62
\@easy@minxv=\dimen192
\@easy@minyv=\dimen193
\@easy@maxxv=\dimen194
\@easy@maxyv=\dimen195
\@easy@boxiv=\box63
\@easy@minxiv=\dimen196
\@easy@minyiv=\dimen197
\@easy@maxxiv=\dimen198
\@easy@maxyiv=\dimen199
\@easy@boxiii=\box64
\@easy@minxiii=\dimen256
\@easy@minyiii=\dimen257
\@easy@maxxiii=\dimen258
\@easy@maxyiii=\dimen259
\@easy@boxii=\box65
\@easy@minxii=\dimen260
\@easy@minyii=\dimen261
\@easy@maxxii=\dimen262
\@easy@maxyii=\dimen263
\@easy@boxi=\box66
\@easy@minxi=\dimen264
\@easy@minyi=\dimen265
\@easy@maxxi=\dimen266
\@easy@maxyi=\dimen267
\@easy@hsizexxx=\dimen268
\@easy@vsizexxx=\dimen269
\@easy@hsizexxix=\dimen270
\@easy@vsizexxix=\dimen271
\@easy@hsizexxviii=\dimen272
\@easy@vsizexxviii=\dimen273
\@easy@hsizexxvii=\dimen274
\@easy@vsizexxvii=\dimen275
\@easy@hsizexxvi=\dimen276
\@easy@vsizexxvi=\dimen277
\@easy@hsizexxv=\dimen278
\@easy@vsizexxv=\dimen279
\@easy@hsizexxiv=\dimen280
\@easy@vsizexxiv=\dimen281
\@easy@hsizexxiii=\dimen282
\@easy@vsizexxiii=\dimen283
\@easy@hsizexxii=\dimen284
\@easy@vsizexxii=\dimen285
\@easy@hsizexxi=\dimen286
\@easy@vsizexxi=\dimen287
\@easy@hsizexx=\dimen288
\@easy@vsizexx=\dimen289
\@easy@hsizexix=\dimen290
\@easy@vsizexix=\dimen291
\@easy@hsizexviii=\dimen292
\@easy@vsizexviii=\dimen293
\@easy@hsizexvii=\dimen294
\@easy@vsizexvii=\dimen295
\@easy@hsizexvi=\dimen296
\@easy@vsizexvi=\dimen297
\@easy@hsizexv=\dimen298
\@easy@vsizexv=\dimen299
\@easy@hsizexiv=\dimen300
\@easy@vsizexiv=\dimen301
\@easy@hsizexiii=\dimen302
\@easy@vsizexiii=\dimen303
\@easy@hsizexii=\dimen304
\@easy@vsizexii=\dimen305
\@easy@hsizexi=\dimen306
\@easy@vsizexi=\dimen307
\@easy@hsizex=\dimen308
\@easy@vsizex=\dimen309
\@easy@hsizeix=\dimen310
\@easy@vsizeix=\dimen311
\@easy@hsizeviii=\dimen312
\@easy@vsizeviii=\dimen313
\@easy@hsizevii=\dimen314
\@easy@vsizevii=\dimen315
\@easy@hsizevi=\dimen316
\@easy@vsizevi=\dimen317
\@easy@hsizev=\dimen318
\@easy@vsizev=\dimen319
\@easy@hsizeiv=\dimen320
\@easy@vsizeiv=\dimen321
\@easy@hsizeiii=\dimen322
\@easy@vsizeiii=\dimen323
\@easy@hsizeii=\dimen324
\@easy@vsizeii=\dimen325
\@easy@hsizei=\dimen326
\@easy@vsizei=\dimen327
\@easy@dash@len=\dimen328
\@easy@dash@sep=\dimen329
)
Package: easytable 2001/05/31v1.1
\@tab@size@rule=\dimen330
\@tab@size@dash=\dimen331
)
LaTeX Font Info:    Trying to load font information for OT1+Caladea-TLF on inpu
t line 29.

(C:\Users\Schit\AppData\Local\Programs\MiKTeX\tex/latex/caladea\ot1caladea-tlf.
fd
File: OT1Caladea-TLF.fd 2014/08/17 (autoinst) Font definitions for OT1/Caladea-
TLF.
)
LaTeX Font Info:    Font shape `OT1/Caladea-TLF/m/n' will be
(Font)              scaled to size 20.74pt on input line 29.

(C:\Users\Schit\AppData\Local\Programs\MiKTeX\tex/latex/l3backend\l3backend-pdf
tex.def
File: l3backend-pdftex.def 2022-04-20 L3 backend support: PDF output (pdfTeX)
\l__color_backend_stack_int=\count292
\l__pdf_internal_box=\box67
) (Keycap inlays.aux)
\openout1 = `"Keycap inlays.aux"'.

LaTeX Font Info:    Checking defaults for OML/cmm/m/it on input line 29.
LaTeX Font Info:    ... okay on input line 29.
LaTeX Font Info:    Checking defaults for OMS/cmsy/m/n on input line 29.
LaTeX Font Info:    ... okay on input line 29.
LaTeX Font Info:    Checking defaults for OT1/cmr/m/n on input line 29.
LaTeX Font Info:    ... okay on input line 29.
LaTeX Font Info:    Checking defaults for T1/cmr/m/n on input line 29.
LaTeX Font Info:    ... okay on input line 29.
LaTeX Font Info:    Checking defaults for TS1/cmr/m/n on input line 29.
LaTeX Font Info:    ... okay on input line 29.
LaTeX Font Info:    Checking defaults for OMX/cmex/m/n on input line 29.
LaTeX Font Info:    ... okay on input line 29.
LaTeX Font Info:    Checking defaults for U/cmr/m/n on input line 29.
LaTeX Font Info:    ... okay on input line 29.

*geometry* driver: auto-detecting
*geometry* detected driver: pdftex
*geometry* verbose mode - [ preamble ] result:
* driver: pdftex
* paper: a4paper
* layout: <same size as paper>
* layoutoffset:(h,v)=(0.0pt,0.0pt)
* modes: 
* h-part:(L,W,R)=(71.13188pt, 455.24411pt, 71.13188pt)
* v-part:(T,H,B)=(56.9055pt, 717.00946pt, 71.13188pt)
* \paperwidth=597.50787pt
* \paperheight=845.04684pt
* \textwidth=452.0pt
* \textheight=595.0pt
* \oddsidemargin=0.0pt
* \evensidemargin=0.0pt
* \topmargin=10.0pt
* \headheight=20.0pt
* \headsep=30.0pt
* \topskip=20.0pt
* \footskip=35.0pt
* \marginparwidth=0.0pt
* \marginparsep=15.0pt
* \columnsep=10.0pt
* \skip\footins=16.0pt plus 6.0pt minus 3.0pt
* \hoffset=0.0pt
* \voffset=0.0pt
* \mag=1000
* \@twocolumnfalse
* \@twosidefalse
* \@mparswitchfalse
* \@reversemarginfalse
* (1in=72.27pt=25.4mm, 1cm=28.453pt)


(C:\Users\Schit\AppData\Local\Programs\MiKTeX\tex/context/base/mkii\supp-pdf.mk
ii
[Loading MPS to PDF converter (version 2006.09.02).]
\scratchcounter=\count293
\scratchdimen=\dimen332
\scratchbox=\box68
\nofMPsegments=\count294
\nofMParguments=\count295
\everyMPshowfont=\toks32
\MPscratchCnt=\count296
\MPscratchDim=\dimen333
\MPnumerator=\count297
\makeMPintoPDFobject=\count298
\everyMPtoPDFconversion=\toks33
)
(C:\Users\Schit\AppData\Local\Programs\MiKTeX\tex/latex/epstopdf-pkg\epstopdf-b
ase.sty
Package: epstopdf-base 2020-01-24 v2.11 Base part for package epstopdf

(C:\Users\Schit\AppData\Local\Programs\MiKTeX\tex/generic/infwarerr\infwarerr.s
ty
Package: infwarerr 2019/12/03 v1.5 Providing info/warning/error messages (HO)
) (C:\Users\Schit\AppData\Local\Programs\MiKTeX\tex/latex/grfext\grfext.sty
Package: grfext 2019/12/03 v1.3 Manage graphics extensions (HO)

(C:\Users\Schit\AppData\Local\Programs\MiKTeX\tex/generic/kvdefinekeys\kvdefine
keys.sty
Package: kvdefinekeys 2019-12-19 v1.6 Define keys (HO)
))
(C:\Users\Schit\AppData\Local\Programs\MiKTeX\tex/latex/kvoptions\kvoptions.sty
Package: kvoptions 2022-06-15 v3.15 Key value format for package options (HO)
(C:\Users\Schit\AppData\Local\Programs\MiKTeX\tex/generic/ltxcmds\ltxcmds.sty
Package: ltxcmds 2020-05-10 v1.25 LaTeX kernel commands for general use (HO)
)
(C:\Users\Schit\AppData\Local\Programs\MiKTeX\tex/generic/kvsetkeys\kvsetkeys.s
ty
Package: kvsetkeys 2019/12/15 v1.18 Key value parser (HO)
))
(C:\Users\Schit\AppData\Local\Programs\MiKTeX\tex/generic/pdftexcmds\pdftexcmds
.sty
Package: pdftexcmds 2020-06-27 v0.33 Utility functions of pdfTeX for LuaTeX (HO
)
Package pdftexcmds Info: \pdf@primitive is available.
Package pdftexcmds Info: \pdf@ifprimitive is available.
Package pdftexcmds Info: \pdfdraftmode found.
)
Package epstopdf-base Info: Redefining graphics rule for `.eps' on input line 4
85.
Package grfext Info: Graphics extension search list:
(grfext)             [.pdf,.png,.jpg,.mps,.jpeg,.jbig2,.jb2,.PDF,.PNG,.JPG,.JPE
G,.JBIG2,.JB2,.eps]
(grfext)             \AppendGraphicsExtensions on input line 504.

(C:\Users\Schit\AppData\Local\Programs\MiKTeX\tex/latex/00miktex\epstopdf-sys.c
fg
File: epstopdf-sys.cfg 2021/03/18 v2.0 Configuration of epstopdf for MiKTeX
))
Package caption Info: Begin \AtBeginDocument code.
Package caption Info: End \AtBeginDocument code.

(C:\Users\Schit\AppData\Local\Programs\MiKTeX\tex/latex/pdflscape\pdflscape.sty
Package: pdflscape 2019/12/05 v0.12 Display of landscape pages in PDF (HO)
(C:\Users\Schit\AppData\Local\Programs\MiKTeX\tex/latex/graphics\lscape.sty
Package: lscape 2020/05/28 v3.02 Landscape Pages (DPC)
)
Package pdflscape Info: Auto-detected driver: pdftex on input line 81.
)
Package lastpage Info: Please have a look at the pageslts package at
(lastpage)             https://www.ctan.org/pkg/pageslts
(lastpage)             ! on input line 29.
LaTeX Font Info:    Trying to load font information for U+msa on input line 31.


(C:\Users\Schit\AppData\Local\Programs\MiKTeX\tex/latex/amsfonts\umsa.fd
File: umsa.fd 2013/01/14 v3.01 AMS symbols A
)
LaTeX Font Info:    Trying to load font information for U+msb on input line 31.


(C:\Users\Schit\AppData\Local\Programs\MiKTeX\tex/latex/amsfonts\umsb.fd
File: umsb.fd 2013/01/14 v3.01 AMS symbols B
)
LaTeX Font Info:    Trying to load font information for U+esint on input line 3
1.

(C:\Users\Schit\AppData\Local\Programs\MiKTeX\tex/latex/esint\uesint.fd
File: uesint.fd 
)
LaTeX Font Info:    Font shape `OT1/Caladea-TLF/m/n' will be
(Font)              scaled to size 35.83pt on input line 33.
LaTeX Font Info:    Calculating math sizes for size <35.83> on input line 33.


LaTeX Font Warning: Font shape `OT1/cmr/m/n' in size <17.915> not available
(Font)              size <17.28> substituted on input line 33.


LaTeX Font Warning: Font shape `OML/cmm/m/it' in size <35.83> not available
(Font)              size <24.88> substituted on input line 33.


LaTeX Font Warning: Font shape `OML/cmm/m/it' in size <17.915> not available
(Font)              size <17.28> substituted on input line 33.


LaTeX Font Warning: Font shape `OMS/cmsy/m/n' in size <35.83> not available
(Font)              size <24.88> substituted on input line 33.


LaTeX Font Warning: Font shape `OMS/cmsy/m/n' in size <17.915> not available
(Font)              size <17.28> substituted on input line 33.


AED: lastpage setting LastPage
[1

{C:/Users/Schit/AppData/Local/MiKTeX/fonts/map/pdftex/pdftex.map}]
(Keycap inlays.aux)

LaTeX Font Warning: Size substitutions with differences
(Font)              up to 10.95pt have occurred.

 ) 
Here is how much of TeX's memory you used:
 7838 strings out of 478351
 135294 string characters out of 2837053
 427897 words of memory out of 3000000
 26107 multiletter control sequences out of 15000+600000
 481302 words of font info for 72 fonts, out of 8000000 for 9000
 1141 hyphenation exceptions out of 8191
 63i,12n,75p,251b,211s stack positions out of 10000i,1000n,20000p,200000b,80000s
{C:/Users/Schit/AppData/Local/Programs/MiKTeX/fonts/enc/dvips/caladea/cld_pri
eif.enc}<C:/Users/Schit/AppData/Local/Programs/MiKTeX/fonts/type1/huerta/calade
a/Caladea-Regular.pfb><C:/Users/Schit/AppData/Local/Programs/MiKTeX/fonts/type1
/public/amsfonts/cm/cmmi12.pfb>
Output written on "Keycap inlays.pdf" (1 page, 19699 bytes).
PDF statistics:
 17 PDF objects out of 1000 (max. 8388607)
 0 named destinations out of 1000 (max. 500000)
 1 words of extra memory for PDF output out of 10000 (max. 10000000)

